f:\programming file\c++\comp345\x64\debug\vc141.pdb
f:\programming file\c++\comp345\x64\debug\vc141.idb
f:\programming file\c++\comp345\x64\debug\ghouls.obj
f:\programming file\c++\comp345\x64\debug\giants.obj
f:\programming file\c++\comp345\x64\debug\halflings.obj
f:\programming file\c++\comp345\x64\debug\humans.obj
f:\programming file\c++\comp345\x64\debug\losttribes.obj
f:\programming file\c++\comp345\x64\debug\orcs.obj
f:\programming file\c++\comp345\x64\debug\racebanner.obj
f:\programming file\c++\comp345\x64\debug\ratmen.obj
f:\programming file\c++\comp345\x64\debug\skeletons.obj
f:\programming file\c++\comp345\x64\debug\sorceres.obj
f:\programming file\c++\comp345\x64\debug\tritons.obj
f:\programming file\c++\comp345\x64\debug\trolls.obj
f:\programming file\c++\comp345\x64\debug\wizards.obj
f:\programming file\c++\comp345\x64\debug\randomstrategy.obj
f:\programming file\c++\comp345\x64\debug\region.obj
f:\programming file\c++\comp345\x64\debug\startupphase.obj
f:\programming file\c++\comp345\x64\debug\strategy.obj
f:\programming file\c++\comp345\x64\debug\subject.obj
f:\programming file\c++\comp345\x64\debug\test.obj
f:\programming file\c++\comp345\x64\debug\victorycoinsobserverdecorator.obj
f:\programming file\c++\comp345\x64\debug\heroes.obj
f:\programming file\c++\comp345\x64\debug\lairfromtroll.obj
f:\programming file\c++\comp345\x64\debug\mountains.obj
f:\programming file\c++\comp345\x64\debug\twoholesintheground.obj
f:\programming file\c++\comp345\x64\debug\map.obj
f:\programming file\c++\comp345\x64\debug\mapandplayers.obj
f:\programming file\c++\comp345\x64\debug\maploader.obj
f:\programming file\c++\comp345\x64\debug\moderatestrategy.obj
f:\programming file\c++\comp345\x64\debug\observer.obj
f:\programming file\c++\comp345\x64\debug\observerdecorator.obj
f:\programming file\c++\comp345\x64\debug\observerphase.obj
f:\programming file\c++\comp345\x64\debug\observerstatistics.obj
f:\programming file\c++\comp345\x64\debug\pickupracepower.obj
f:\programming file\c++\comp345\x64\debug\playerdominationobserverdecorator.obj
f:\programming file\c++\comp345\x64\debug\playerhandsobserverdecorator.obj
f:\programming file\c++\comp345\x64\debug\players.obj
f:\programming file\c++\comp345\x64\debug\amazons.obj
f:\programming file\c++\comp345\x64\debug\dwarves.obj
f:\programming file\c++\comp345\x64\debug\elves.obj
f:\programming file\c++\comp345\x64\debug\hill.obj
f:\programming file\c++\comp345\x64\debug\merchant.obj
f:\programming file\c++\comp345\x64\debug\mounted.obj
f:\programming file\c++\comp345\x64\debug\pillaging.obj
f:\programming file\c++\comp345\x64\debug\seafaring.obj
f:\programming file\c++\comp345\x64\debug\spirit.obj
f:\programming file\c++\comp345\x64\debug\stout.obj
f:\programming file\c++\comp345\x64\debug\swamp.obj
f:\programming file\c++\comp345\x64\debug\underworld.obj
f:\programming file\c++\comp345\x64\debug\wealthy.obj
f:\programming file\c++\comp345\x64\debug\basicgamestasticsobserver.obj
f:\programming file\c++\comp345\x64\debug\coins.obj
f:\programming file\c++\comp345\x64\debug\token.obj
f:\programming file\c++\comp345\x64\debug\defensivestrategy.obj
f:\programming file\c++\comp345\x64\debug\dice.obj
f:\programming file\c++\comp345\x64\debug\driver1.obj
f:\programming file\c++\comp345\x64\debug\dragon.obj
f:\programming file\c++\comp345\x64\debug\encampments.obj
f:\programming file\c++\comp345\x64\debug\fortesses.obj
f:\programming file\c++\comp345\x64\debug\gamepiece.obj
f:\programming file\c++\comp345\x64\debug\aggressivestrategy.obj
f:\programming file\c++\comp345\x64\debug\alchemist.obj
f:\programming file\c++\comp345\x64\debug\badges.obj
f:\programming file\c++\comp345\x64\debug\berserk.obj
f:\programming file\c++\comp345\x64\debug\bivouacking.obj
f:\programming file\c++\comp345\x64\debug\commando.obj
f:\programming file\c++\comp345\x64\debug\diplomat.obj
f:\programming file\c++\comp345\x64\debug\dragonmaster.obj
f:\programming file\c++\comp345\x64\debug\flying.obj
f:\programming file\c++\comp345\x64\debug\forest.obj
f:\programming file\c++\comp345\x64\debug\fortified.obj
f:\programming file\c++\comp345\x64\debug\heroic.obj
f:\programming file\c++\comp345\x64\debug\playerobserver.obj
f:\programming file\c++\comp345\x64\debug\smallworld.exp
f:\programming file\c++\comp345\x64\debug\smallworld.pdb
f:\programming file\c++\comp345\x64\debug\smallworld.tlog\cl.command.1.tlog
f:\programming file\c++\comp345\x64\debug\smallworld.tlog\cl.read.1.tlog
f:\programming file\c++\comp345\x64\debug\smallworld.tlog\cl.write.1.tlog
f:\programming file\c++\comp345\x64\debug\smallworld.tlog\link-cvtres.read.1.tlog
f:\programming file\c++\comp345\x64\debug\smallworld.tlog\link-cvtres.write.1.tlog
f:\programming file\c++\comp345\x64\debug\smallworld.tlog\link-rc.read.1.tlog
f:\programming file\c++\comp345\x64\debug\smallworld.tlog\link-rc.write.1.tlog
f:\programming file\c++\comp345\x64\debug\smallworld.tlog\link.command.1.tlog
f:\programming file\c++\comp345\x64\debug\smallworld.tlog\link.read.1.tlog
f:\programming file\c++\comp345\x64\debug\smallworld.tlog\link.write.1.tlog
